<?xml version="1.0" encoding="UTF-8"?>
<!-- Generated by org.testng.reporters.JUnitReportReporter -->
<testsuite hostname="LAPTOP-2IKQMJLC" failures="0" tests="1" name="ec.com.learning.restassured.restfulbooker.GetBookingTests" time="1.955" errors="0" timestamp="2023-10-26T21:31:39 ECT" skipped="0">
  <testcase classname="ec.com.learning.restassured.restfulbooker.GetBookingTests" name="getBookingTest" time="1.955"/>
  <system-out/>
</testsuite> <!-- ec.com.learning.restassured.restfulbooker.GetBookingTests -->
