<?xml version="1.0" encoding="UTF-8"?>
<!-- Generated by org.testng.reporters.JUnitXMLReporter -->
<testsuite ignored="0" hostname="LAPTOP-2IKQMJLC" failures="0" tests="2" name="Default test" time="2.288" errors="0" timestamp="2023-10-27T20:36:22 ECT">
  <testcase classname="ec.com.learning.restassured.restfulbooker.HealthCheckTest" name="headersAndCoockiesTest" time="1.392"/>
  <testcase classname="ec.com.learning.restassured.restfulbooker.HealthCheckTest" name="healthCheckTest" time="0.526"/>
</testsuite> <!-- Default test -->
