<?xml version="1.0" encoding="UTF-8"?>
<testng-results ignored="0" total="1" passed="1" failed="0" skipped="0">
  <reporter-output>
  </reporter-output>
  <suite started-at="2023-10-27T20:22:33 ECT" name="Default suite" finished-at="2023-10-27T20:22:36 ECT" duration-ms="2640">
    <groups>
    </groups>
    <test started-at="2023-10-27T20:22:33 ECT" name="Default test" finished-at="2023-10-27T20:22:36 ECT" duration-ms="2640">
      <class name="ec.com.learning.restassured.restfulbooker.GetBookingTests">
        <test-method is-config="true" signature="setUp()[pri:0, instance:ec.com.learning.restassured.restfulbooker.GetBookingTests@59d016c9]" started-at="2023-10-27T20:22:33 ECT" name="setUp" finished-at="2023-10-27T20:22:33 ECT" duration-ms="360" status="PASS">
          <reporter-output>
          </reporter-output>
        </test-method> <!-- setUp -->
        <test-method signature="getBookingTest()[pri:0, instance:ec.com.learning.restassured.restfulbooker.GetBookingTests@59d016c9]" started-at="2023-10-27T20:22:33 ECT" name="getBookingTest" finished-at="2023-10-27T20:22:36 ECT" duration-ms="2249" status="PASS">
          <reporter-output>
          </reporter-output>
        </test-method> <!-- getBookingTest -->
      </class> <!-- ec.com.learning.restassured.restfulbooker.GetBookingTests -->
    </test> <!-- Default test -->
  </suite> <!-- Default suite -->
</testng-results>
