<?xml version="1.0" encoding="UTF-8"?>
<testng-results ignored="0" total="1" passed="1" failed="0" skipped="0">
  <reporter-output>
  </reporter-output>
  <suite started-at="2023-10-25T22:12:17 ECT" name="Default suite" finished-at="2023-10-25T22:12:23 ECT" duration-ms="5883">
    <groups>
    </groups>
    <test started-at="2023-10-25T22:12:17 ECT" name="Default test" finished-at="2023-10-25T22:12:23 ECT" duration-ms="5883">
      <class name="ec.com.learning.restassured.restfulbooker.HealthCheckTest">
        <test-method signature="healthCheckTest()[pri:0, instance:ec.com.learning.restassured.restfulbooker.HealthCheckTest@12b0404f]" started-at="2023-10-25T22:12:17 ECT" name="healthCheckTest" finished-at="2023-10-25T22:12:23 ECT" duration-ms="5809" status="PASS">
          <reporter-output>
          </reporter-output>
        </test-method> <!-- healthCheckTest -->
      </class> <!-- ec.com.learning.restassured.restfulbooker.HealthCheckTest -->
    </test> <!-- Default test -->
  </suite> <!-- Default suite -->
</testng-results>
